# JRE version: OpenJDK Runtime Environment (11.0.11+9) (build 11.0.11+9-b60-7590822)
# Java VM: OpenJDK 64-Bit Server VM (11.0.11+9-b60-7590822, mixed mode, tiered, compressed oops, g1 gc, windows-amd64)
Heap:
 garbage-first heap   total 145408K, used 78982K [0x0000000080000000, 0x0000000100000000)
  region size 1024K, 30 young (30720K), 5 survivors (5120K)
 Metaspace       used 68771K, capacity 70431K, committed 70476K, reserved 1110016K
  class space    used 8948K, capacity 9581K, committed 9600K, reserved 1048576K
GC Heap History (20 events):
Event: 3.901 GC heap before
{Heap before GC invocations=4 (full 0):
 garbage-first heap   total 120832K, used 65729K [0x0000000080000000, 0x0000000100000000)
  region size 1024K, 49 young (50176K), 2 survivors (2048K)
 Metaspace       used 25721K, capacity 26241K, committed 26368K, reserved 1073152K
  class space    used 3359K, capacity 3548K, committed 3584K, reserved 1048576K
}
Event: 3.906 GC heap after
{Heap after GC invocations=5 (full 0):
 garbage-first heap   total 120832K, used 19361K [0x0000000080000000, 0x0000000100000000)
  region size 1024K, 3 young (3072K), 3 survivors (3072K)
 Metaspace       used 25721K, capacity 26241K, committed 26368K, reserved 1073152K
  class space    used 3359K, capacity 3548K, committed 3584K, reserved 1048576K
}
Event: 4.697 GC heap before
{Heap before GC invocations=5 (full 0):
 garbage-first heap   total 120832K, used 72609K [0x0000000080000000, 0x0000000100000000)
  region size 1024K, 55 young (56320K), 3 survivors (3072K)
 Metaspace       used 31518K, capacity 32224K, committed 32512K, reserved 1077248K
  class space    used 4219K, capacity 4504K, committed 4608K, reserved 1048576K
}
Event: 4.702 GC heap after
{Heap after GC invocations=6 (full 0):
 garbage-first heap   total 120832K, used 21711K [0x0000000080000000, 0x0000000100000000)
  region size 1024K, 6 young (6144K), 6 survivors (6144K)
 Metaspace       used 31518K, capacity 32224K, committed 32512K, reserved 1077248K
  class space    used 4219K, capacity 4504K, committed 4608K, reserved 1048576K
}
Event: 4.914 GC heap before
{Heap before GC invocations=6 (full 0):
 garbage-first heap   total 120832K, used 30927K [0x0000000080000000, 0x0000000100000000)
  region size 1024K, 16 young (16384K), 6 survivors (6144K)
 Metaspace       used 35033K, capacity 35790K, committed 35840K, reserved 1081344K
  class space    used 4560K, capacity 4863K, committed 4864K, reserved 1048576K
}
Event: 4.925 GC heap after
{Heap after GC invocations=7 (full 0):
 garbage-first heap   total 120832K, used 23402K [0x0000000080000000, 0x0000000100000000)
  region size 1024K, 4 young (4096K), 4 survivors (4096K)
 Metaspace       used 35033K, capacity 35790K, committed 35840K, reserved 1081344K
  class space    used 4560K, capacity 4863K, committed 4864K, reserved 1048576K
}
Event: 5.655 GC heap before
{Heap before GC invocations=8 (full 0):
 garbage-first heap   total 120832K, used 80746K [0x0000000080000000, 0x0000000100000000)
  region size 1024K, 58 young (59392K), 4 survivors (4096K)
 Metaspace       used 39109K, capacity 40019K, committed 40140K, reserved 1083392K
  class space    used 5020K, capacity 5352K, committed 5376K, reserved 1048576K
}
Event: 5.664 GC heap after
{Heap after GC invocations=9 (full 0):
 garbage-first heap   total 120832K, used 27322K [0x0000000080000000, 0x0000000100000000)
  region size 1024K, 8 young (8192K), 8 survivors (8192K)
 Metaspace       used 39109K, capacity 40019K, committed 40140K, reserved 1083392K
  class space    used 5020K, capacity 5352K, committed 5376K, reserved 1048576K
}
Event: 6.428 GC heap before
{Heap before GC invocations=9 (full 0):
 garbage-first heap   total 120832K, used 82618K [0x0000000080000000, 0x0000000100000000)
  region size 1024K, 62 young (63488K), 8 survivors (8192K)
 Metaspace       used 44317K, capacity 45366K, committed 45516K, reserved 1089536K
  class space    used 5693K, capacity 6057K, committed 6144K, reserved 1048576K
}
Event: 6.441 GC heap after
{Heap after GC invocations=10 (full 0):
 garbage-first heap   total 145408K, used 29835K [0x0000000080000000, 0x0000000100000000)
  region size 1024K, 4 young (4096K), 4 survivors (4096K)
 Metaspace       used 44317K, capacity 45366K, committed 45516K, reserved 1089536K
  class space    used 5693K, capacity 6057K, committed 6144K, reserved 1048576K
}
Event: 7.294 GC heap before
{Heap before GC invocations=10 (full 0):
 garbage-first heap   total 145408K, used 94347K [0x0000000080000000, 0x0000000100000000)
  region size 1024K, 68 young (69632K), 4 survivors (4096K)
 Metaspace       used 47607K, capacity 48780K, committed 49100K, reserved 1091584K
  class space    used 6108K, capacity 6577K, committed 6656K, reserved 1048576K
}
Event: 7.299 GC heap after
{Heap after GC invocations=11 (full 0):
 garbage-first heap   total 145408K, used 31545K [0x0000000080000000, 0x0000000100000000)
  region size 1024K, 5 young (5120K), 5 survivors (5120K)
 Metaspace       used 47607K, capacity 48780K, committed 49100K, reserved 1091584K
  class space    used 6108K, capacity 6577K, committed 6656K, reserved 1048576K
}
Event: 8.530 GC heap before
{Heap before GC invocations=11 (full 0):
 garbage-first heap   total 145408K, used 103225K [0x0000000080000000, 0x0000000100000000)
  region size 1024K, 71 young (72704K), 5 survivors (5120K)
 Metaspace       used 54069K, capacity 55477K, committed 55628K, reserved 1097728K
  class space    used 6933K, capacity 7429K, committed 7552K, reserved 1048576K
}
Event: 8.539 GC heap after
{Heap after GC invocations=12 (full 0):
 garbage-first heap   total 145408K, used 44451K [0x0000000080000000, 0x0000000100000000)
  region size 1024K, 9 young (9216K), 9 survivors (9216K)
 Metaspace       used 54069K, capacity 55477K, committed 55628K, reserved 1097728K
  class space    used 6933K, capacity 7429K, committed 7552K, reserved 1048576K
}
Event: 9.086 GC heap before
{Heap before GC invocations=12 (full 0):
 garbage-first heap   total 145408K, used 73123K [0x0000000080000000, 0x0000000100000000)
  region size 1024K, 38 young (38912K), 9 survivors (9216K)
 Metaspace       used 58667K, capacity 60187K, committed 60236K, reserved 1101824K
  class space    used 7489K, capacity 8059K, committed 8064K, reserved 1048576K
}
Event: 9.098 GC heap after
{Heap after GC invocations=13 (full 0):
 garbage-first heap   total 145408K, used 46564K [0x0000000080000000, 0x0000000100000000)
  region size 1024K, 2 young (2048K), 2 survivors (2048K)
 Metaspace       used 58667K, capacity 60187K, committed 60236K, reserved 1101824K
  class space    used 7489K, capacity 8059K, committed 8064K, reserved 1048576K
}
Event: 9.884 GC heap before
{Heap before GC invocations=14 (full 0):
 garbage-first heap   total 145408K, used 95716K [0x0000000080000000, 0x0000000100000000)
  region size 1024K, 51 young (52224K), 2 survivors (2048K)
 Metaspace       used 63547K, capacity 65103K, committed 65228K, reserved 1105920K
  class space    used 8093K, capacity 8688K, committed 8704K, reserved 1048576K
}
Event: 9.889 GC heap after
{Heap after GC invocations=15 (full 0):
 garbage-first heap   total 145408K, used 50315K [0x0000000080000000, 0x0000000100000000)
  region size 1024K, 6 young (6144K), 6 survivors (6144K)
 Metaspace       used 63547K, capacity 65103K, committed 65228K, reserved 1105920K
  class space    used 8093K, capacity 8688K, committed 8704K, reserved 1048576K
}
Event: 10.481 GC heap before
{Heap before GC invocations=15 (full 0):
 garbage-first heap   total 145408K, used 101515K [0x0000000080000000, 0x0000000100000000)
  region size 1024K, 56 young (57344K), 6 survivors (6144K)
 Metaspace       used 65589K, capacity 67221K, committed 67404K, reserved 1107968K
  class space    used 8362K, capacity 8961K, committed 9088K, reserved 1048576K
}
Event: 10.487 GC heap after
{Heap after GC invocations=16 (full 0):
 garbage-first heap   total 145408K, used 54406K [0x0000000080000000, 0x0000000100000000)
  region size 1024K, 5 young (5120K), 5 survivors (5120K)
 Metaspace       used 65589K, capacity 67221K, committed 67404K, reserved 1107968K
  class space    used 8362K, capacity 8961K, committed 9088K, reserved 1048576K
}

