# JRE version: OpenJDK Runtime Environment (11.0.11+9) (build 11.0.11+9-b60-7590822)
# Java VM: OpenJDK 64-Bit Server VM (11.0.11+9-b60-7590822, mixed mode, tiered, compressed oops, g1 gc, windows-amd64)
Heap:
 garbage-first heap   total 260096K, used 142229K [0x0000000080000000, 0x0000000100000000)
  region size 1024K, 1 young (1024K), 1 survivors (1024K)
 Metaspace       used 113748K, capacity 116989K, committed 117964K, reserved 1150976K
  class space    used 14269K, capacity 15477K, committed 15820K, reserved 1048576K
GC Heap History (20 events):
Event: 1695.185 GC heap after
{Heap after GC invocations=41 (full 0):
 garbage-first heap   total 210944K, used 149765K [0x0000000080000000, 0x0000000100000000)
  region size 1024K, 3 young (3072K), 3 survivors (3072K)
 Metaspace       used 107807K, capacity 110965K, committed 112076K, reserved 1146880K
  class space    used 13767K, capacity 14903K, committed 15308K, reserved 1048576K
}
Event: 1695.270 GC heap before
{Heap before GC invocations=41 (full 0):
 garbage-first heap   total 210944K, used 156933K [0x0000000080000000, 0x0000000100000000)
  region size 1024K, 10 young (10240K), 3 survivors (3072K)
 Metaspace       used 107857K, capacity 111001K, committed 112076K, reserved 1146880K
  class space    used 13773K, capacity 14936K, committed 15308K, reserved 1048576K
}
Event: 1695.276 GC heap after
{Heap after GC invocations=42 (full 0):
 garbage-first heap   total 210944K, used 149910K [0x0000000080000000, 0x0000000100000000)
  region size 1024K, 1 young (1024K), 1 survivors (1024K)
 Metaspace       used 107857K, capacity 111001K, committed 112076K, reserved 1146880K
  class space    used 13773K, capacity 14936K, committed 15308K, reserved 1048576K
}
Event: 1695.431 GC heap before
{Heap before GC invocations=42 (full 0):
 garbage-first heap   total 210944K, used 170390K [0x0000000080000000, 0x0000000100000000)
  region size 1024K, 21 young (21504K), 1 survivors (1024K)
 Metaspace       used 107869K, capacity 111002K, committed 112076K, reserved 1146880K
  class space    used 13773K, capacity 14936K, committed 15308K, reserved 1048576K
}
Event: 1695.434 GC heap after
{Heap after GC invocations=43 (full 0):
 garbage-first heap   total 210944K, used 149673K [0x0000000080000000, 0x0000000100000000)
  region size 1024K, 1 young (1024K), 1 survivors (1024K)
 Metaspace       used 107869K, capacity 111002K, committed 112076K, reserved 1146880K
  class space    used 13773K, capacity 14936K, committed 15308K, reserved 1048576K
}
Event: 1695.525 GC heap before
{Heap before GC invocations=43 (full 0):
 garbage-first heap   total 210944K, used 172201K [0x0000000080000000, 0x0000000100000000)
  region size 1024K, 23 young (23552K), 1 survivors (1024K)
 Metaspace       used 107873K, capacity 111002K, committed 112076K, reserved 1146880K
  class space    used 13773K, capacity 14936K, committed 15308K, reserved 1048576K
}
Event: 1695.526 GC heap after
{Heap after GC invocations=44 (full 0):
 garbage-first heap   total 210944K, used 149620K [0x0000000080000000, 0x0000000100000000)
  region size 1024K, 1 young (1024K), 1 survivors (1024K)
 Metaspace       used 107873K, capacity 111002K, committed 112076K, reserved 1146880K
  class space    used 13773K, capacity 14936K, committed 15308K, reserved 1048576K
}
Event: 1695.920 GC heap before
{Heap before GC invocations=45 (full 0):
 garbage-first heap   total 210944K, used 188532K [0x0000000080000000, 0x0000000100000000)
  region size 1024K, 25 young (25600K), 1 survivors (1024K)
 Metaspace       used 108176K, capacity 111333K, committed 112332K, reserved 1146880K
  class space    used 13795K, capacity 14950K, committed 15308K, reserved 1048576K
}
Event: 1695.923 GC heap after
{Heap after GC invocations=46 (full 0):
 garbage-first heap   total 210944K, used 150339K [0x0000000080000000, 0x0000000100000000)
  region size 1024K, 2 young (2048K), 2 survivors (2048K)
 Metaspace       used 108176K, capacity 111333K, committed 112332K, reserved 1146880K
  class space    used 13795K, capacity 14950K, committed 15308K, reserved 1048576K
}
Event: 1695.958 GC heap before
{Heap before GC invocations=46 (full 0):
 garbage-first heap   total 210944K, used 157507K [0x0000000080000000, 0x0000000100000000)
  region size 1024K, 10 young (10240K), 2 survivors (2048K)
 Metaspace       used 108317K, capacity 111415K, committed 112332K, reserved 1146880K
  class space    used 13806K, capacity 14954K, committed 15308K, reserved 1048576K
}
Event: 1695.961 GC heap after
{Heap after GC invocations=47 (full 0):
 garbage-first heap   total 210944K, used 150942K [0x0000000080000000, 0x0000000100000000)
  region size 1024K, 2 young (2048K), 2 survivors (2048K)
 Metaspace       used 108317K, capacity 111415K, committed 112332K, reserved 1146880K
  class space    used 13806K, capacity 14954K, committed 15308K, reserved 1048576K
}
Event: 1696.216 GC heap before
{Heap before GC invocations=47 (full 0):
 garbage-first heap   total 210944K, used 174494K [0x0000000080000000, 0x0000000100000000)
  region size 1024K, 26 young (26624K), 2 survivors (2048K)
 Metaspace       used 111415K, capacity 114513K, committed 115404K, reserved 1148928K
  class space    used 14067K, capacity 15210K, committed 15564K, reserved 1048576K
}
Event: 1696.222 GC heap after
{Heap after GC invocations=48 (full 0):
 garbage-first heap   total 210944K, used 153631K [0x0000000080000000, 0x0000000100000000)
  region size 1024K, 4 young (4096K), 4 survivors (4096K)
 Metaspace       used 111415K, capacity 114513K, committed 115404K, reserved 1148928K
  class space    used 14067K, capacity 15210K, committed 15564K, reserved 1048576K
}
Event: 1696.436 GC heap before
{Heap before GC invocations=49 (full 0):
 garbage-first heap   total 210944K, used 177183K [0x0000000080000000, 0x0000000100000000)
  region size 1024K, 27 young (27648K), 4 survivors (4096K)
 Metaspace       used 111579K, capacity 114770K, committed 115660K, reserved 1148928K
  class space    used 14067K, capacity 15210K, committed 15564K, reserved 1048576K
}
Event: 1696.442 GC heap after
{Heap after GC invocations=50 (full 0):
 garbage-first heap   total 210944K, used 155030K [0x0000000080000000, 0x0000000100000000)
  region size 1024K, 2 young (2048K), 2 survivors (2048K)
 Metaspace       used 111579K, capacity 114770K, committed 115660K, reserved 1148928K
  class space    used 14067K, capacity 15210K, committed 15564K, reserved 1048576K
}
Event: 1696.476 GC heap before
{Heap before GC invocations=50 (full 0):
 garbage-first heap   total 210944K, used 163222K [0x0000000080000000, 0x0000000100000000)
  region size 1024K, 10 young (10240K), 2 survivors (2048K)
 Metaspace       used 111626K, capacity 114770K, committed 115660K, reserved 1148928K
  class space    used 14067K, capacity 15210K, committed 15564K, reserved 1048576K
}
Event: 1696.485 GC heap after
{Heap after GC invocations=51 (full 0):
 garbage-first heap   total 210944K, used 142228K [0x0000000080000000, 0x0000000100000000)
  region size 1024K, 1 young (1024K), 1 survivors (1024K)
 Metaspace       used 111626K, capacity 114770K, committed 115660K, reserved 1148928K
  class space    used 14067K, capacity 15210K, committed 15564K, reserved 1048576K
}
Event: 1696.758 GC heap before
{Heap before GC invocations=51 (full 0):
 garbage-first heap   total 210944K, used 170900K [0x0000000080000000, 0x0000000100000000)
  region size 1024K, 29 young (29696K), 1 survivors (1024K)
 Metaspace       used 112838K, capacity 116017K, committed 117068K, reserved 1150976K
  class space    used 14169K, capacity 15344K, committed 15692K, reserved 1048576K
}
Event: 1696.764 GC heap after
{Heap after GC invocations=52 (full 0):
 garbage-first heap   total 210944K, used 144575K [0x0000000080000000, 0x0000000100000000)
  region size 1024K, 4 young (4096K), 4 survivors (4096K)
 Metaspace       used 112838K, capacity 116017K, committed 117068K, reserved 1150976K
  class space    used 14169K, capacity 15344K, committed 15692K, reserved 1048576K
}
Event: 1696.964 GC heap before
{Heap before GC invocations=53 (full 0):
 garbage-first heap   total 210944K, used 168051K [0x0000000080000000, 0x0000000100000000)
  region size 1024K, 31 young (31744K), 4 survivors (4096K)
 Metaspace       used 113748K, capacity 116989K, committed 117964K, reserved 1150976K
  class space    used 14269K, capacity 15477K, committed 15820K, reserved 1048576K
}

