# JRE version: OpenJDK Runtime Environment (11.0.11+9) (build 11.0.11+9-b60-7590822)
# Java VM: OpenJDK 64-Bit Server VM (11.0.11+9-b60-7590822, mixed mode, tiered, compressed oops, g1 gc, windows-amd64)
Heap:
 garbage-first heap   total 145408K, used 100042K [0x0000000080000000, 0x0000000100000000)
  region size 1024K, 56 young (57344K), 3 survivors (3072K)
 Metaspace       used 63704K, capacity 65168K, committed 65356K, reserved 1105920K
  class space    used 8081K, capacity 8643K, committed 8780K, reserved 1048576K
GC Heap History (20 events):
Event: 3.372 GC heap before
{Heap before GC invocations=2 (full 0):
 garbage-first heap   total 120832K, used 44511K [0x0000000080000000, 0x0000000100000000)
  region size 1024K, 39 young (39936K), 9 survivors (9216K)
 Metaspace       used 20678K, capacity 21082K, committed 21248K, reserved 1067008K
  class space    used 2543K, capacity 2695K, committed 2816K, reserved 1048576K
}
Event: 3.380 GC heap after
{Heap after GC invocations=3 (full 0):
 garbage-first heap   total 120832K, used 17045K [0x0000000080000000, 0x0000000100000000)
  region size 1024K, 2 young (2048K), 2 survivors (2048K)
 Metaspace       used 20678K, capacity 21082K, committed 21248K, reserved 1067008K
  class space    used 2543K, capacity 2695K, committed 2816K, reserved 1048576K
}
Event: 4.057 GC heap before
{Heap before GC invocations=4 (full 0):
 garbage-first heap   total 120832K, used 65173K [0x0000000080000000, 0x0000000100000000)
  region size 1024K, 49 young (50176K), 2 survivors (2048K)
 Metaspace       used 25738K, capacity 26302K, committed 26368K, reserved 1073152K
  class space    used 3356K, capacity 3548K, committed 3584K, reserved 1048576K
}
Event: 4.061 GC heap after
{Heap after GC invocations=5 (full 0):
 garbage-first heap   total 120832K, used 18716K [0x0000000080000000, 0x0000000100000000)
  region size 1024K, 4 young (4096K), 4 survivors (4096K)
 Metaspace       used 25738K, capacity 26302K, committed 26368K, reserved 1073152K
  class space    used 3356K, capacity 3548K, committed 3584K, reserved 1048576K
}
Event: 4.793 GC heap before
{Heap before GC invocations=5 (full 0):
 garbage-first heap   total 120832K, used 70940K [0x0000000080000000, 0x0000000100000000)
  region size 1024K, 55 young (56320K), 4 survivors (4096K)
 Metaspace       used 31186K, capacity 31954K, committed 32128K, reserved 1077248K
  class space    used 4183K, capacity 4480K, committed 4480K, reserved 1048576K
}
Event: 4.798 GC heap after
{Heap after GC invocations=6 (full 0):
 garbage-first heap   total 120832K, used 20637K [0x0000000080000000, 0x0000000100000000)
  region size 1024K, 5 young (5120K), 5 survivors (5120K)
 Metaspace       used 31186K, capacity 31954K, committed 32128K, reserved 1077248K
  class space    used 4183K, capacity 4480K, committed 4480K, reserved 1048576K
}
Event: 5.138 GC heap before
{Heap before GC invocations=6 (full 0):
 garbage-first heap   total 120832K, used 30877K [0x0000000080000000, 0x0000000100000000)
  region size 1024K, 16 young (16384K), 5 survivors (5120K)
 Metaspace       used 35017K, capacity 35787K, committed 35840K, reserved 1081344K
  class space    used 4550K, capacity 4863K, committed 4864K, reserved 1048576K
}
Event: 5.146 GC heap after
{Heap after GC invocations=7 (full 0):
 garbage-first heap   total 120832K, used 22673K [0x0000000080000000, 0x0000000100000000)
  region size 1024K, 6 young (6144K), 6 survivors (6144K)
 Metaspace       used 35017K, capacity 35787K, committed 35840K, reserved 1081344K
  class space    used 4550K, capacity 4863K, committed 4864K, reserved 1048576K
}
Event: 5.834 GC heap before
{Heap before GC invocations=8 (full 0):
 garbage-first heap   total 120832K, used 72849K [0x0000000080000000, 0x0000000100000000)
  region size 1024K, 53 young (54272K), 6 survivors (6144K)
 Metaspace       used 38693K, capacity 39613K, committed 39884K, reserved 1083392K
  class space    used 4942K, capacity 5281K, committed 5324K, reserved 1048576K
}
Event: 5.842 GC heap after
{Heap after GC invocations=9 (full 0):
 garbage-first heap   total 120832K, used 26375K [0x0000000080000000, 0x0000000100000000)
  region size 1024K, 7 young (7168K), 7 survivors (7168K)
 Metaspace       used 38693K, capacity 39613K, committed 39884K, reserved 1083392K
  class space    used 4942K, capacity 5281K, committed 5324K, reserved 1048576K
}
Event: 6.723 GC heap before
{Heap before GC invocations=9 (full 0):
 garbage-first heap   total 120832K, used 75527K [0x0000000080000000, 0x0000000100000000)
  region size 1024K, 55 young (56320K), 7 survivors (7168K)
 Metaspace       used 43240K, capacity 44243K, committed 44364K, reserved 1087488K
  class space    used 5493K, capacity 5874K, committed 5964K, reserved 1048576K
}
Event: 6.731 GC heap after
{Heap after GC invocations=10 (full 0):
 garbage-first heap   total 120832K, used 29103K [0x0000000080000000, 0x0000000100000000)
  region size 1024K, 7 young (7168K), 7 survivors (7168K)
 Metaspace       used 43240K, capacity 44243K, committed 44364K, reserved 1087488K
  class space    used 5493K, capacity 5874K, committed 5964K, reserved 1048576K
}
Event: 7.672 GC heap before
{Heap before GC invocations=10 (full 0):
 garbage-first heap   total 120832K, used 79279K [0x0000000080000000, 0x0000000100000000)
  region size 1024K, 56 young (57344K), 7 survivors (7168K)
 Metaspace       used 46903K, capacity 48060K, committed 48332K, reserved 1091584K
  class space    used 6015K, capacity 6467K, committed 6604K, reserved 1048576K
}
Event: 7.682 GC heap after
{Heap after GC invocations=11 (full 0):
 garbage-first heap   total 145408K, used 31668K [0x0000000080000000, 0x0000000100000000)
  region size 1024K, 6 young (6144K), 6 survivors (6144K)
 Metaspace       used 46903K, capacity 48060K, committed 48332K, reserved 1091584K
  class space    used 6015K, capacity 6467K, committed 6604K, reserved 1048576K
}
Event: 8.746 GC heap before
{Heap before GC invocations=11 (full 0):
 garbage-first heap   total 145408K, used 97204K [0x0000000080000000, 0x0000000100000000)
  region size 1024K, 66 young (67584K), 6 survivors (6144K)
 Metaspace       used 49318K, capacity 50600K, committed 50892K, reserved 1093632K
  class space    used 6307K, capacity 6808K, committed 6860K, reserved 1048576K
}
Event: 8.754 GC heap after
{Heap after GC invocations=12 (full 0):
 garbage-first heap   total 145408K, used 43829K [0x0000000080000000, 0x0000000100000000)
  region size 1024K, 9 young (9216K), 9 survivors (9216K)
 Metaspace       used 49318K, capacity 50600K, committed 50892K, reserved 1093632K
  class space    used 6307K, capacity 6808K, committed 6860K, reserved 1048576K
}
Event: 10.026 GC heap before
{Heap before GC invocations=12 (full 0):
 garbage-first heap   total 145408K, used 101173K [0x0000000080000000, 0x0000000100000000)
  region size 1024K, 65 young (66560K), 9 survivors (9216K)
 Metaspace       used 57149K, capacity 58553K, committed 58828K, reserved 1099776K
  class space    used 7283K, capacity 7812K, committed 7884K, reserved 1048576K
}
Event: 10.033 GC heap after
{Heap after GC invocations=13 (full 0):
 garbage-first heap   total 145408K, used 46577K [0x0000000080000000, 0x0000000100000000)
  region size 1024K, 3 young (3072K), 3 survivors (3072K)
 Metaspace       used 57149K, capacity 58553K, committed 58828K, reserved 1099776K
  class space    used 7283K, capacity 7812K, committed 7884K, reserved 1048576K
}
Event: 10.222 GC heap before
{Heap before GC invocations=13 (full 0):
 garbage-first heap   total 145408K, used 52721K [0x0000000080000000, 0x0000000100000000)
  region size 1024K, 10 young (10240K), 3 survivors (3072K)
 Metaspace       used 58593K, capacity 60028K, committed 60236K, reserved 1101824K
  class space    used 7467K, capacity 7985K, committed 8012K, reserved 1048576K
}
Event: 10.228 GC heap after
{Heap after GC invocations=14 (full 0):
 garbage-first heap   total 145408K, used 46794K [0x0000000080000000, 0x0000000100000000)
  region size 1024K, 3 young (3072K), 3 survivors (3072K)
 Metaspace       used 58593K, capacity 60028K, committed 60236K, reserved 1101824K
  class space    used 7467K, capacity 7985K, committed 8012K, reserved 1048576K
}

